<?xml version="1.0" encoding="UTF-8"?>
<!-- Generated by org.testng.reporters.JUnitReportReporter -->
<testsuite hostname="LAPTOP-K9HMHCLU" failures="0" tests="1" name="ReadDataJSONFile.ReadDataJSONFile" time="3.555" errors="0" timestamp="2022-06-28T11:55:55 IST" skipped="0">
  <testcase classname="ReadDataJSONFile.ReadDataJSONFile" name="ActitimeValidLogin" time="3.555"/>
  <system-out/>
</testsuite> <!-- ReadDataJSONFile.ReadDataJSONFile -->
