<?xml version="1.0" encoding="UTF-8"?>
<!-- Generated by org.testng.reporters.JUnitReportReporter -->
<testsuite hostname="LAPTOP-K9HMHCLU" failures="0" tests="1" name="EEE.NewTest" time="2.492" errors="0" timestamp="2022-06-26T23:39:15 IST" skipped="0">
  <testcase classname="EEE.NewTest" name="f" time="2.492"/>
  <system-out/>
</testsuite> <!-- EEE.NewTest -->
