<?xml version="1.0" encoding="UTF-8"?>
<!-- Generated by org.testng.reporters.JUnitReportReporter -->
<testsuite hostname="LAPTOP-K9HMHCLU" failures="0" tests="5" name="DataProvider.DataProvioder2" time="18.254" errors="0" timestamp="2022-06-10T17:36:04 IST" skipped="0">
  <testcase classname="DataProvider.DataProvioder2" name="login" time="3.376"/>
  <system-out/>
  <testcase classname="DataProvider.DataProvioder2" name="login" time="3.674"/>
  <system-out/>
  <testcase classname="DataProvider.DataProvioder2" name="login" time="3.286"/>
  <system-out/>
  <testcase classname="DataProvider.DataProvioder2" name="login" time="4.529"/>
  <system-out/>
  <testcase classname="DataProvider.DataProvioder2" name="login" time="3.389"/>
  <system-out/>
</testsuite> <!-- DataProvider.DataProvioder2 -->
