<?xml version="1.0" encoding="UTF-8"?>
<!-- Generated by org.testng.reporters.JUnitReportReporter -->
<testsuite hostname="LAPTOP-K9HMHCLU" failures="0" tests="1" name="testngpack.ClassParllel2" time="4.046" errors="0" timestamp="2022-06-07T13:56:03 IST" skipped="0">
  <testcase classname="testngpack.ClassParllel2" name="setup" time="4.046"/>
  <system-out/>
</testsuite> <!-- testngpack.ClassParllel2 -->
