<?xml version="1.0" encoding="UTF-8"?>
<!-- Generated by org.testng.reporters.JUnitReportReporter -->
<testsuite hostname="LAPTOP-K9HMHCLU" failures="0" tests="9" name="testngflag.GroupFlag" time="0.027" errors="0" timestamp="2022-06-07T19:37:06 IST" skipped="0">
  <testcase classname="testngflag.GroupFlag" name="ft2" time="0.002"/>
  <system-out>
    <![CDATA[ft2]]>
  </system-out>
  <testcase classname="testngflag.GroupFlag" name="it1" time="0.002"/>
  <system-out>
    <![CDATA[it1]]>
  </system-out>
  <testcase classname="testngflag.GroupFlag" name="st2" time="0.002"/>
  <system-out>
    <![CDATA[st2]]>
  </system-out>
  <testcase classname="testngflag.GroupFlag" name="it4" time="0.003"/>
  <system-out>
    <![CDATA[it4]]>
  </system-out>
  <testcase classname="testngflag.GroupFlag" name="it2" time="0.002"/>
  <system-out>
    <![CDATA[it2]]>
  </system-out>
  <testcase classname="testngflag.GroupFlag" name="st3" time="0.002"/>
  <system-out>
    <![CDATA[st3]]>
  </system-out>
  <testcase classname="testngflag.GroupFlag" name="st1" time="0.002"/>
  <system-out>
    <![CDATA[st1]]>
  </system-out>
  <testcase classname="testngflag.GroupFlag" name="ft1" time="0.007"/>
  <system-out>
    <![CDATA[ft1]]>
  </system-out>
  <testcase classname="testngflag.GroupFlag" name="it3" time="0.005"/>
  <system-out>
    <![CDATA[it3]]>
  </system-out>
</testsuite> <!-- testngflag.GroupFlag -->
