<?xml version="1.0" encoding="UTF-8"?>
<!-- Generated by org.testng.reporters.JUnitReportReporter -->
<testsuite hostname="LAPTOP-K9HMHCLU" failures="0" tests="1" name="testngflag.DiscriptionFlag" time="0.008" errors="0" timestamp="2022-06-07T19:43:29 IST" skipped="0">
  <testcase classname="testngflag.DiscriptionFlag" name="f" time="0.008"/>
  <system-out>
    <![CDATA[f]]>
  </system-out>
</testsuite> <!-- testngflag.DiscriptionFlag -->
