<?xml version="1.0" encoding="UTF-8"?>
<!-- Generated by org.testng.reporters.JUnitReportReporter -->
<testsuite hostname="LAPTOP-K9HMHCLU" failures="0" tests="2" name="testngflag.GroupFlag" time="0.008" errors="0" timestamp="2022-07-02T15:54:32 IST" skipped="0">
  <testcase classname="testngflag.GroupFlag" name="ft2" time="0.001"/>
  <system-out>
    <![CDATA[ft2]]>
  </system-out>
  <testcase classname="testngflag.GroupFlag" name="ft1" time="0.007"/>
  <system-out>
    <![CDATA[ft1]]>
  </system-out>
</testsuite> <!-- testngflag.GroupFlag -->
