<?xml version="1.0" encoding="UTF-8"?>
<!-- Generated by org.testng.reporters.JUnitReportReporter -->
<testsuite hostname="LAPTOP-K9HMHCLU" failures="0" tests="2" name="testngflag.DependentFlg" time="0.011" errors="0" timestamp="2022-06-07T21:12:08 IST" skipped="0">
  <testcase classname="testngflag.DependentFlg" name="a" time="0.010"/>
  <system-out>
    <![CDATA[a]]>
  </system-out>
  <testcase classname="testngflag.DependentFlg" name="b" time="0.001"/>
  <system-out>
    <![CDATA[b]]>
  </system-out>
</testsuite> <!-- testngflag.DependentFlg -->
