<?xml version="1.0" encoding="UTF-8"?>
<!-- Generated by org.testng.reporters.JUnitReportReporter -->
<testsuite hostname="LAPTOP-K9HMHCLU" failures="0" tests="1" name="testngpack.Actitimelogin" time="2.185" errors="0" timestamp="2022-07-02T16:41:46 IST" skipped="0">
  <testcase classname="testngpack.Actitimelogin" name="setup" time="2.185"/>
  <system-out/>
</testsuite> <!-- testngpack.Actitimelogin -->
