<?xml version="1.0" encoding="UTF-8"?>
<!-- Generated by org.testng.reporters.JUnitReportReporter -->
<testsuite hostname="LAPTOP-K9HMHCLU" failures="0" tests="1" name="testngpack.ClassParllel1" time="3.950" errors="0" timestamp="2022-06-07T13:56:03 IST" skipped="0">
  <testcase classname="testngpack.ClassParllel1" name="setup" time="3.950"/>
  <system-out/>
</testsuite> <!-- testngpack.ClassParllel1 -->
