<?xml version="1.0" encoding="UTF-8"?>
<!-- Generated by org.testng.reporters.JUnitReportReporter -->
<testsuite hostname="LAPTOP-K9HMHCLU" failures="0" tests="2" name="testngpack.MethodParllel" time="0.009" errors="0" timestamp="2022-06-08T20:06:51 IST" skipped="0">
  <testcase classname="testngpack.MethodParllel" name="b" time="0.002"/>
  <system-out>
    <![CDATA[1  thread id
method2]]>
  </system-out>
  <testcase classname="testngpack.MethodParllel" name="a" time="0.007"/>
  <system-out>
    <![CDATA[1  thread id
method1]]>
  </system-out>
</testsuite> <!-- testngpack.MethodParllel -->
