<?xml version="1.0" encoding="UTF-8"?>
<!-- Generated by org.testng.reporters.JUnitReportReporter -->
<testsuite hostname="LAPTOP-K9HMHCLU" failures="0" tests="2" name="testngflag.Enabledflag" time="0.010" errors="0" timestamp="2022-06-07T19:40:56 IST" skipped="1">
  <testcase classname="testngflag.Enabledflag" name="f" time="0.010"/>
  <system-out>
    <![CDATA[f]]>
  </system-out>
  <testcase classname="testngflag.Enabledflag" name="f1">
    <skipped/>
  </testcase> <!-- f1 -->
  <system-out/>
</testsuite> <!-- testngflag.Enabledflag -->
