<?xml version="1.0" encoding="UTF-8"?>
<!-- Generated by org.testng.reporters.JUnitReportReporter -->
<testsuite hostname="LAPTOP-K9HMHCLU" failures="0" tests="1" name="testngpack.ClassParllel3" time="4.018" errors="0" timestamp="2022-06-07T13:56:03 IST" skipped="0">
  <testcase classname="testngpack.ClassParllel3" name="setup" time="4.018"/>
  <system-out/>
</testsuite> <!-- testngpack.ClassParllel3 -->
