<?xml version="1.0" encoding="UTF-8"?>
<!-- Generated by org.testng.reporters.JUnitReportReporter -->
<testsuite hostname="LAPTOP-K9HMHCLU" failures="0" tests="5" name="DataProvider.DataProvioder" time="19.375" errors="0" timestamp="2022-06-10T09:00:01 IST" skipped="0">
  <testcase classname="DataProvider.DataProvioder" name="loginToActiTime" time="3.705"/>
  <system-out/>
  <testcase classname="DataProvider.DataProvioder" name="loginToActiTime" time="3.778"/>
  <system-out/>
  <testcase classname="DataProvider.DataProvioder" name="loginToActiTime" time="4.560"/>
  <system-out/>
  <testcase classname="DataProvider.DataProvioder" name="loginToActiTime" time="3.587"/>
  <system-out/>
  <testcase classname="DataProvider.DataProvioder" name="loginToActiTime" time="3.745"/>
  <system-out/>
</testsuite> <!-- DataProvider.DataProvioder -->
