<?xml version="1.0" encoding="UTF-8"?>
<!-- Generated by org.testng.reporters.JUnitReportReporter -->
<testsuite hostname="LAPTOP-K9HMHCLU" failures="0" tests="4" name="testngflag.PriorityFlag" time="0.039" errors="0" timestamp="2022-06-07T19:35:19 IST" skipped="0">
  <testcase classname="testngflag.PriorityFlag" name="a" time="0.029"/>
  <system-out>
    <![CDATA[f2]]>
  </system-out>
  <testcase classname="testngflag.PriorityFlag" name="f1" time="0.007"/>
  <system-out>
    <![CDATA[f1]]>
  </system-out>
  <testcase classname="testngflag.PriorityFlag" name="f3" time="0.001"/>
  <system-out>
    <![CDATA[f3]]>
  </system-out>
  <testcase classname="testngflag.PriorityFlag" name="f4" time="0.002"/>
  <system-out>
    <![CDATA[f4]]>
  </system-out>
</testsuite> <!-- testngflag.PriorityFlag -->
