<?xml version="1.0" encoding="UTF-8"?>
<!-- Generated by org.testng.reporters.JUnitReportReporter -->
<testsuite hostname="LAPTOP-K9HMHCLU" failures="0" tests="5" name="DataProvider.DataProvioder" time="18.207" errors="0" timestamp="2022-07-02T22:52:20 IST" skipped="0">
  <testcase classname="DataProvider.DataProvioder" name="loginToActiTime" time="3.314"/>
  <system-out/>
  <testcase classname="DataProvider.DataProvioder" name="loginToActiTime" time="3.433"/>
  <system-out/>
  <testcase classname="DataProvider.DataProvioder" name="loginToActiTime" time="3.438"/>
  <system-out/>
  <testcase classname="DataProvider.DataProvioder" name="loginToActiTime" time="4.508"/>
  <system-out/>
  <testcase classname="DataProvider.DataProvioder" name="loginToActiTime" time="3.514"/>
  <system-out/>
</testsuite> <!-- DataProvider.DataProvioder -->
