<?xml version="1.0" encoding="UTF-8"?>
<!-- Generated by org.testng.reporters.JUnitReportReporter -->
<testsuite hostname="LAPTOP-K9HMHCLU" failures="0" tests="1" name="testngpack.Rajat1" time="0.004" errors="0" timestamp="2022-06-11T21:27:08 IST" skipped="0">
  <testcase classname="testngpack.Rajat1" name="a" time="0.004"/>
  <system-out>
    <![CDATA[hiii how are you]]>
  </system-out>
</testsuite> <!-- testngpack.Rajat1 -->
